<?xml version="1.0" encoding="UTF-8"?>
<!-- Generated by org.testng.reporters.JUnitReportReporter -->
<testsuite skipped="0" hostname="DESKTOP-Q38V4OK" name="com.runner.Runner" tests="1" failures="0" timestamp="22 Feb 2019 22:02:40 GMT" time="15.918" errors="0">
  <testcase name="feature" time="15.918" classname="com.runner.Runner"/>
</testsuite> <!-- com.runner.Runner -->
